<?xml version="1.0" encoding="UTF-8"?>
<testsuite name="com.claude.book.springboot.web.PostsApiControllerTest" tests="2" skipped="0" failures="0" errors="0" timestamp="2020-07-07T14:28:44" hostname="gimtaehun-ui-MacBookPro.local" time="0.175">
  <properties/>
  <testcase name="Posts_등록된다" classname="com.claude.book.springboot.web.PostsApiControllerTest" time="0.143"/>
  <testcase name="Posts_수정된다" classname="com.claude.book.springboot.web.PostsApiControllerTest" time="0.031"/>
  <system-out><![CDATA[2020-07-07 23:28:44.086  INFO 1651 --- [    Test worker] .b.t.c.SpringBootTestContextBootstrapper : Neither @ContextConfiguration nor @ContextHierarchy found for test class [com.claude.book.springboot.web.PostsApiControllerTest], using SpringBootContextLoader
2020-07-07 23:28:44.087  INFO 1651 --- [    Test worker] o.s.t.c.support.AbstractContextLoader    : Could not detect default resource locations for test class [com.claude.book.springboot.web.PostsApiControllerTest]: no resource found for suffixes {-context.xml, Context.groovy}.
2020-07-07 23:28:44.087  INFO 1651 --- [    Test worker] t.c.s.AnnotationConfigContextLoaderUtils : Could not detect default configuration classes for test class [com.claude.book.springboot.web.PostsApiControllerTest]: PostsApiControllerTest does not declare any static, non-private, non-final, nested classes annotated with @Configuration.
2020-07-07 23:28:44.089  INFO 1651 --- [    Test worker] .b.t.c.SpringBootTestContextBootstrapper : Found @SpringBootConfiguration com.claude.book.springboot.Application for test class com.claude.book.springboot.web.PostsApiControllerTest
2020-07-07 23:28:44.089  INFO 1651 --- [    Test worker] .b.t.c.SpringBootTestContextBootstrapper : Loaded default TestExecutionListener class names from location [META-INF/spring.factories]: [org.springframework.security.test.context.support.WithSecurityContextTestExecutionListener, org.springframework.security.test.context.support.ReactorContextTestExecutionListener, org.springframework.boot.test.autoconfigure.restdocs.RestDocsTestExecutionListener, org.springframework.boot.test.autoconfigure.web.client.MockRestServiceServerResetTestExecutionListener, org.springframework.boot.test.autoconfigure.web.servlet.MockMvcPrintOnlyOnFailureTestExecutionListener, org.springframework.boot.test.autoconfigure.web.servlet.WebDriverTestExecutionListener, org.springframework.boot.test.mock.mockito.MockitoTestExecutionListener, org.springframework.boot.test.mock.mockito.ResetMocksTestExecutionListener, org.springframework.test.context.web.ServletTestExecutionListener, org.springframework.test.context.support.DirtiesContextBeforeModesTestExecutionListener, org.springframework.test.context.support.DependencyInjectionTestExecutionListener, org.springframework.test.context.support.DirtiesContextTestExecutionListener, org.springframework.test.context.transaction.TransactionalTestExecutionListener, org.springframework.test.context.jdbc.SqlScriptsTestExecutionListener]
2020-07-07 23:28:44.090  INFO 1651 --- [    Test worker] .b.t.c.SpringBootTestContextBootstrapper : Using TestExecutionListeners: [org.springframework.test.context.web.ServletTestExecutionListener@24423511, org.springframework.test.context.support.DirtiesContextBeforeModesTestExecutionListener@b86248c, org.springframework.boot.test.mock.mockito.MockitoTestExecutionListener@72a5f591, org.springframework.boot.test.autoconfigure.SpringBootDependencyInjectionTestExecutionListener@ff8d206, org.springframework.test.context.support.DirtiesContextTestExecutionListener@3a279455, org.springframework.test.context.transaction.TransactionalTestExecutionListener@bf65d9, org.springframework.test.context.jdbc.SqlScriptsTestExecutionListener@5deb0122, org.springframework.security.test.context.support.WithSecurityContextTestExecutionListener@14ca907b, org.springframework.security.test.context.support.ReactorContextTestExecutionListener@12c93b8b, org.springframework.boot.test.autoconfigure.restdocs.RestDocsTestExecutionListener@692305a6, org.springframework.boot.test.autoconfigure.web.client.MockRestServiceServerResetTestExecutionListener@6c44fbb1, org.springframework.boot.test.autoconfigure.web.servlet.MockMvcPrintOnlyOnFailureTestExecutionListener@2ccde70a, org.springframework.boot.test.autoconfigure.web.servlet.WebDriverTestExecutionListener@7783947b, org.springframework.boot.test.mock.mockito.ResetMocksTestExecutionListener@6fca118]
2020-07-07 23:28:44.097  INFO 1651 --- [    Test worker] o.a.c.c.C.[Tomcat].[localhost].[/]       : Initializing Spring TestDispatcherServlet ''
2020-07-07 23:28:44.097  INFO 1651 --- [    Test worker] o.s.t.web.servlet.TestDispatcherServlet  : Initializing Servlet ''
2020-07-07 23:28:44.100  INFO 1651 --- [    Test worker] o.s.t.web.servlet.TestDispatcherServlet  : Completed initialization in 3 ms
Hibernate: insert into posts (created_date, modified_date, author, content, title) values (?, ?, ?, ?, ?)
Hibernate: select posts0_.id as id1_0_, posts0_.created_date as created_2_0_, posts0_.modified_date as modified3_0_, posts0_.author as author4_0_, posts0_.content as content5_0_, posts0_.title as title6_0_ from posts posts0_
Hibernate: select posts0_.id as id1_0_, posts0_.created_date as created_2_0_, posts0_.modified_date as modified3_0_, posts0_.author as author4_0_, posts0_.content as content5_0_, posts0_.title as title6_0_ from posts posts0_
Hibernate: delete from posts where id=?
2020-07-07 23:28:44.239  INFO 1651 --- [    Test worker] o.a.c.c.C.[Tomcat].[localhost].[/]       : Initializing Spring TestDispatcherServlet ''
2020-07-07 23:28:44.239  INFO 1651 --- [    Test worker] o.s.t.web.servlet.TestDispatcherServlet  : Initializing Servlet ''
2020-07-07 23:28:44.243  INFO 1651 --- [    Test worker] o.s.t.web.servlet.TestDispatcherServlet  : Completed initialization in 4 ms
Hibernate: insert into posts (created_date, modified_date, author, content, title) values (?, ?, ?, ?, ?)
Hibernate: select posts0_.id as id1_0_0_, posts0_.created_date as created_2_0_0_, posts0_.modified_date as modified3_0_0_, posts0_.author as author4_0_0_, posts0_.content as content5_0_0_, posts0_.title as title6_0_0_ from posts posts0_ where posts0_.id=?
Hibernate: update posts set created_date=?, modified_date=?, author=?, content=?, title=? where id=?
Hibernate: select posts0_.id as id1_0_, posts0_.created_date as created_2_0_, posts0_.modified_date as modified3_0_, posts0_.author as author4_0_, posts0_.content as content5_0_, posts0_.title as title6_0_ from posts posts0_
Hibernate: select posts0_.id as id1_0_, posts0_.created_date as created_2_0_, posts0_.modified_date as modified3_0_, posts0_.author as author4_0_, posts0_.content as content5_0_, posts0_.title as title6_0_ from posts posts0_
Hibernate: delete from posts where id=?
]]></system-out>
  <system-err><![CDATA[]]></system-err>
</testsuite>
