<?xml version="1.0" encoding="UTF-8"?>
<testsuite name="com.claude.book.springboot.domain.posts.PostsRepositoryTest" tests="2" skipped="0" failures="0" errors="0" timestamp="2020-07-07T14:28:50" hostname="gimtaehun-ui-MacBookPro.local" time="0.036">
  <properties/>
  <testcase name="게시글저장_불러오기" classname="com.claude.book.springboot.domain.posts.PostsRepositoryTest" time="0.019"/>
  <testcase name="BaseTimeEntity_등록" classname="com.claude.book.springboot.domain.posts.PostsRepositoryTest" time="0.016"/>
  <system-out><![CDATA[2020-07-07 23:28:44.270  INFO 1651 --- [    Test worker] .b.t.c.SpringBootTestContextBootstrapper : Neither @ContextConfiguration nor @ContextHierarchy found for test class [com.claude.book.springboot.domain.posts.PostsRepositoryTest], using SpringBootContextLoader
2020-07-07 23:28:44.271  INFO 1651 --- [    Test worker] o.s.t.c.support.AbstractContextLoader    : Could not detect default resource locations for test class [com.claude.book.springboot.domain.posts.PostsRepositoryTest]: no resource found for suffixes {-context.xml, Context.groovy}.
2020-07-07 23:28:44.271  INFO 1651 --- [    Test worker] t.c.s.AnnotationConfigContextLoaderUtils : Could not detect default configuration classes for test class [com.claude.book.springboot.domain.posts.PostsRepositoryTest]: PostsRepositoryTest does not declare any static, non-private, non-final, nested classes annotated with @Configuration.
2020-07-07 23:28:44.279  INFO 1651 --- [    Test worker] .b.t.c.SpringBootTestContextBootstrapper : Found @SpringBootConfiguration com.claude.book.springboot.Application for test class com.claude.book.springboot.domain.posts.PostsRepositoryTest
2020-07-07 23:28:44.282  INFO 1651 --- [    Test worker] .b.t.c.SpringBootTestContextBootstrapper : Loaded default TestExecutionListener class names from location [META-INF/spring.factories]: [org.springframework.security.test.context.support.WithSecurityContextTestExecutionListener, org.springframework.security.test.context.support.ReactorContextTestExecutionListener, org.springframework.boot.test.autoconfigure.restdocs.RestDocsTestExecutionListener, org.springframework.boot.test.autoconfigure.web.client.MockRestServiceServerResetTestExecutionListener, org.springframework.boot.test.autoconfigure.web.servlet.MockMvcPrintOnlyOnFailureTestExecutionListener, org.springframework.boot.test.autoconfigure.web.servlet.WebDriverTestExecutionListener, org.springframework.boot.test.mock.mockito.MockitoTestExecutionListener, org.springframework.boot.test.mock.mockito.ResetMocksTestExecutionListener, org.springframework.test.context.web.ServletTestExecutionListener, org.springframework.test.context.support.DirtiesContextBeforeModesTestExecutionListener, org.springframework.test.context.support.DependencyInjectionTestExecutionListener, org.springframework.test.context.support.DirtiesContextTestExecutionListener, org.springframework.test.context.transaction.TransactionalTestExecutionListener, org.springframework.test.context.jdbc.SqlScriptsTestExecutionListener]
2020-07-07 23:28:44.283  INFO 1651 --- [    Test worker] .b.t.c.SpringBootTestContextBootstrapper : Using TestExecutionListeners: [org.springframework.test.context.web.ServletTestExecutionListener@838434f, org.springframework.test.context.support.DirtiesContextBeforeModesTestExecutionListener@320c1fea, org.springframework.boot.test.mock.mockito.MockitoTestExecutionListener@1f4ce778, org.springframework.boot.test.autoconfigure.SpringBootDependencyInjectionTestExecutionListener@770ba9de, org.springframework.test.context.support.DirtiesContextTestExecutionListener@3d63be4b, org.springframework.test.context.transaction.TransactionalTestExecutionListener@6f420542, org.springframework.test.context.jdbc.SqlScriptsTestExecutionListener@174d48f5, org.springframework.security.test.context.support.WithSecurityContextTestExecutionListener@3d22469b, org.springframework.security.test.context.support.ReactorContextTestExecutionListener@1d932692, org.springframework.boot.test.autoconfigure.restdocs.RestDocsTestExecutionListener@62044877, org.springframework.boot.test.autoconfigure.web.client.MockRestServiceServerResetTestExecutionListener@1ff3ae22, org.springframework.boot.test.autoconfigure.web.servlet.MockMvcPrintOnlyOnFailureTestExecutionListener@304a35d9, org.springframework.boot.test.autoconfigure.web.servlet.WebDriverTestExecutionListener@34e922f4, org.springframework.boot.test.mock.mockito.ResetMocksTestExecutionListener@74ee93ee]

  .   ____          _            __ _ _
 /\\ / ___'_ __ _ _(_)_ __  __ _ \ \ \ \
( ( )\___ | '_ | '_| | '_ \/ _` | \ \ \ \
 \\/  ___)| |_)| | | | | || (_| |  ) ) ) )
  '  |____| .__|_| |_|_| |_\__, | / / / /
 =========|_|==============|___/=/_/_/_/
 :: Spring Boot ::        (v2.1.7.RELEASE)

2020-07-07 23:28:49.308  INFO 1651 --- [    Test worker] c.c.b.s.d.posts.PostsRepositoryTest      : Starting PostsRepositoryTest on gimtaehun-ui-MacBookPro.local with PID 1651 (started by kimtaehoon in /Users/kimtaehoon/IdeaProjects/webservice2)
2020-07-07 23:28:49.309  INFO 1651 --- [    Test worker] c.c.b.s.d.posts.PostsRepositoryTest      : No active profile set, falling back to default profiles: default
2020-07-07 23:28:49.504  INFO 1651 --- [    Test worker] .s.d.r.c.RepositoryConfigurationDelegate : Bootstrapping Spring Data repositories in DEFAULT mode.
2020-07-07 23:28:49.518  INFO 1651 --- [    Test worker] .s.d.r.c.RepositoryConfigurationDelegate : Finished Spring Data repository scanning in 14ms. Found 2 repository interfaces.
2020-07-07 23:28:49.607  INFO 1651 --- [    Test worker] trationDelegate$BeanPostProcessorChecker : Bean 'org.springframework.transaction.annotation.ProxyTransactionManagementConfiguration' of type [org.springframework.transaction.annotation.ProxyTransactionManagementConfiguration$$EnhancerBySpringCGLIB$$4428730] is not eligible for getting processed by all BeanPostProcessors (for example: not eligible for auto-proxying)
2020-07-07 23:28:49.679  INFO 1651 --- [    Test worker] com.zaxxer.hikari.HikariDataSource       : HikariPool-2 - Starting...
2020-07-07 23:28:49.680  INFO 1651 --- [    Test worker] com.zaxxer.hikari.HikariDataSource       : HikariPool-2 - Start completed.
2020-07-07 23:28:49.696  INFO 1651 --- [    Test worker] o.hibernate.jpa.internal.util.LogHelper  : HHH000204: Processing PersistenceUnitInfo [
	name: default
	...]
2020-07-07 23:28:49.700  INFO 1651 --- [    Test worker] org.hibernate.dialect.Dialect            : HHH000400: Using dialect: org.hibernate.dialect.MySQL5InnoDBDialect
Hibernate: drop table if exists posts
Hibernate: drop table if exists user
Hibernate: create table posts (id bigint not null auto_increment, created_date datetime, modified_date datetime, author varchar(255), content TEXT not null, title varchar(500) not null, primary key (id)) engine=InnoDB
Hibernate: create table user (id bigint not null auto_increment, created_date datetime, modified_date datetime, email varchar(255) not null, name varchar(255) not null, picture varchar(255), role varchar(255) not null, primary key (id)) engine=InnoDB
2020-07-07 23:28:49.745  INFO 1651 --- [    Test worker] o.h.t.schema.internal.SchemaCreatorImpl  : HHH000476: Executing import script 'org.hibernate.tool.schema.internal.exec.ScriptSourceInputNonExistentImpl@39e4a5f'
2020-07-07 23:28:49.746  INFO 1651 --- [    Test worker] j.LocalContainerEntityManagerFactoryBean : Initialized JPA EntityManagerFactory for persistence unit 'default'
2020-07-07 23:28:49.913  INFO 1651 --- [    Test worker] o.h.h.i.QueryTranslatorFactoryInitiator  : HHH000397: Using ASTQueryTranslatorFactory
2020-07-07 23:28:50.022  INFO 1651 --- [    Test worker] o.s.s.web.DefaultSecurityFilterChain     : Creating filter chain: any request, [org.springframework.security.web.context.request.async.WebAsyncManagerIntegrationFilter@297d9969, org.springframework.security.web.context.SecurityContextPersistenceFilter@62da998a, org.springframework.security.web.header.HeaderWriterFilter@685e675b, org.springframework.security.web.authentication.logout.LogoutFilter@34ba387, org.springframework.security.oauth2.client.web.OAuth2AuthorizationRequestRedirectFilter@6a13a0f0, org.springframework.security.oauth2.client.web.OAuth2LoginAuthenticationFilter@66286382, org.springframework.security.web.authentication.ui.DefaultLoginPageGeneratingFilter@35eb7a79, org.springframework.security.web.authentication.ui.DefaultLogoutPageGeneratingFilter@5e0494bb, org.springframework.security.web.savedrequest.RequestCacheAwareFilter@275afb52, org.springframework.security.web.servletapi.SecurityContextHolderAwareRequestFilter@3c25245d, org.springframework.security.web.authentication.AnonymousAuthenticationFilter@2967bbab, org.springframework.security.web.session.SessionManagementFilter@3ab66e3e, org.springframework.security.web.access.ExceptionTranslationFilter@229ceb28, org.springframework.security.web.access.intercept.FilterSecurityInterceptor@3d794eeb]
2020-07-07 23:28:50.228  INFO 1651 --- [    Test worker] o.s.s.concurrent.ThreadPoolTaskExecutor  : Initializing ExecutorService 'applicationTaskExecutor'
2020-07-07 23:28:50.237  WARN 1651 --- [    Test worker] aWebConfiguration$JpaWebMvcConfiguration : spring.jpa.open-in-view is enabled by default. Therefore, database queries may be performed during view rendering. Explicitly configure spring.jpa.open-in-view to disable this warning
2020-07-07 23:28:50.257  INFO 1651 --- [    Test worker] o.s.b.a.w.s.WelcomePageHandlerMapping    : Adding welcome page template: index
2020-07-07 23:28:50.518  INFO 1651 --- [    Test worker] s.a.ScheduledAnnotationBeanPostProcessor : No TaskScheduler/ScheduledExecutorService bean found for scheduled processing
2020-07-07 23:28:50.521  INFO 1651 --- [    Test worker] c.c.b.s.d.posts.PostsRepositoryTest      : Started PostsRepositoryTest in 6.235 seconds (JVM running for 18.869)
Hibernate: insert into posts (created_date, modified_date, author, content, title) values (?, ?, ?, ?, ?)
Hibernate: select posts0_.id as id1_0_, posts0_.created_date as created_2_0_, posts0_.modified_date as modified3_0_, posts0_.author as author4_0_, posts0_.content as content5_0_, posts0_.title as title6_0_ from posts posts0_
Hibernate: select posts0_.id as id1_0_, posts0_.created_date as created_2_0_, posts0_.modified_date as modified3_0_, posts0_.author as author4_0_, posts0_.content as content5_0_, posts0_.title as title6_0_ from posts posts0_
Hibernate: delete from posts where id=?
Hibernate: insert into posts (created_date, modified_date, author, content, title) values (?, ?, ?, ?, ?)
Hibernate: select posts0_.id as id1_0_, posts0_.created_date as created_2_0_, posts0_.modified_date as modified3_0_, posts0_.author as author4_0_, posts0_.content as content5_0_, posts0_.title as title6_0_ from posts posts0_
>>>> createDate = 2020-07-07T23:28:50.548139, modifiedDate= = 2020-07-07T23:28:50.548139
Hibernate: select posts0_.id as id1_0_, posts0_.created_date as created_2_0_, posts0_.modified_date as modified3_0_, posts0_.author as author4_0_, posts0_.content as content5_0_, posts0_.title as title6_0_ from posts posts0_
Hibernate: delete from posts where id=?
]]></system-out>
  <system-err><![CDATA[]]></system-err>
</testsuite>
