<?xml version="1.0" encoding="UTF-8"?>
<testsuite name="com.claude.book.springboot.web.IndexControllerTest" tests="1" skipped="0" failures="0" errors="0" timestamp="2020-07-07T14:28:43" hostname="gimtaehun-ui-MacBookPro.local" time="0.186">
  <properties/>
  <testcase name="메인페이지_로딩" classname="com.claude.book.springboot.web.IndexControllerTest" time="0.186"/>
  <system-out><![CDATA[2020-07-07 23:28:40.047  INFO 1651 --- [    Test worker] .b.t.c.SpringBootTestContextBootstrapper : Neither @ContextConfiguration nor @ContextHierarchy found for test class [com.claude.book.springboot.web.IndexControllerTest], using SpringBootContextLoader
2020-07-07 23:28:40.049  INFO 1651 --- [    Test worker] o.s.t.c.support.AbstractContextLoader    : Could not detect default resource locations for test class [com.claude.book.springboot.web.IndexControllerTest]: no resource found for suffixes {-context.xml, Context.groovy}.
2020-07-07 23:28:40.049  INFO 1651 --- [    Test worker] t.c.s.AnnotationConfigContextLoaderUtils : Could not detect default configuration classes for test class [com.claude.book.springboot.web.IndexControllerTest]: IndexControllerTest does not declare any static, non-private, non-final, nested classes annotated with @Configuration.
2020-07-07 23:28:40.051  INFO 1651 --- [    Test worker] .b.t.c.SpringBootTestContextBootstrapper : Found @SpringBootConfiguration com.claude.book.springboot.Application for test class com.claude.book.springboot.web.IndexControllerTest
2020-07-07 23:28:40.054  INFO 1651 --- [    Test worker] .b.t.c.SpringBootTestContextBootstrapper : Loaded default TestExecutionListener class names from location [META-INF/spring.factories]: [org.springframework.security.test.context.support.WithSecurityContextTestExecutionListener, org.springframework.security.test.context.support.ReactorContextTestExecutionListener, org.springframework.boot.test.autoconfigure.restdocs.RestDocsTestExecutionListener, org.springframework.boot.test.autoconfigure.web.client.MockRestServiceServerResetTestExecutionListener, org.springframework.boot.test.autoconfigure.web.servlet.MockMvcPrintOnlyOnFailureTestExecutionListener, org.springframework.boot.test.autoconfigure.web.servlet.WebDriverTestExecutionListener, org.springframework.boot.test.mock.mockito.MockitoTestExecutionListener, org.springframework.boot.test.mock.mockito.ResetMocksTestExecutionListener, org.springframework.test.context.web.ServletTestExecutionListener, org.springframework.test.context.support.DirtiesContextBeforeModesTestExecutionListener, org.springframework.test.context.support.DependencyInjectionTestExecutionListener, org.springframework.test.context.support.DirtiesContextTestExecutionListener, org.springframework.test.context.transaction.TransactionalTestExecutionListener, org.springframework.test.context.jdbc.SqlScriptsTestExecutionListener]
2020-07-07 23:28:40.055  INFO 1651 --- [    Test worker] .b.t.c.SpringBootTestContextBootstrapper : Using TestExecutionListeners: [org.springframework.test.context.web.ServletTestExecutionListener@5b310d5e, org.springframework.test.context.support.DirtiesContextBeforeModesTestExecutionListener@6a6b93c7, org.springframework.boot.test.mock.mockito.MockitoTestExecutionListener@685efc4f, org.springframework.boot.test.autoconfigure.SpringBootDependencyInjectionTestExecutionListener@7fde6617, org.springframework.test.context.support.DirtiesContextTestExecutionListener@2cd6df4f, org.springframework.test.context.transaction.TransactionalTestExecutionListener@1a9594b9, org.springframework.test.context.jdbc.SqlScriptsTestExecutionListener@536af20, org.springframework.security.test.context.support.WithSecurityContextTestExecutionListener@9d49f4f, org.springframework.security.test.context.support.ReactorContextTestExecutionListener@13e2159d, org.springframework.boot.test.autoconfigure.restdocs.RestDocsTestExecutionListener@25647b04, org.springframework.boot.test.autoconfigure.web.client.MockRestServiceServerResetTestExecutionListener@159b8f27, org.springframework.boot.test.autoconfigure.web.servlet.MockMvcPrintOnlyOnFailureTestExecutionListener@3818443c, org.springframework.boot.test.autoconfigure.web.servlet.WebDriverTestExecutionListener@3b55e05f, org.springframework.boot.test.mock.mockito.ResetMocksTestExecutionListener@3d6f106a]

  .   ____          _            __ _ _
 /\\ / ___'_ __ _ _(_)_ __  __ _ \ \ \ \
( ( )\___ | '_ | '_| | '_ \/ _` | \ \ \ \
 \\/  ___)| |_)| | | | | || (_| |  ) ) ) )
  '  |____| .__|_| |_|_| |_\__, | / / / /
 =========|_|==============|___/=/_/_/_/
 :: Spring Boot ::        (v2.1.7.RELEASE)

2020-07-07 23:28:40.089  INFO 1651 --- [    Test worker] c.c.b.s.web.IndexControllerTest          : Starting IndexControllerTest on gimtaehun-ui-MacBookPro.local with PID 1651 (started by kimtaehoon in /Users/kimtaehoon/IdeaProjects/webservice2)
2020-07-07 23:28:40.090  INFO 1651 --- [    Test worker] c.c.b.s.web.IndexControllerTest          : No active profile set, falling back to default profiles: default
2020-07-07 23:28:40.442  INFO 1651 --- [    Test worker] .s.d.r.c.RepositoryConfigurationDelegate : Bootstrapping Spring Data repositories in DEFAULT mode.
2020-07-07 23:28:40.512  INFO 1651 --- [    Test worker] .s.d.r.c.RepositoryConfigurationDelegate : Finished Spring Data repository scanning in 62ms. Found 2 repository interfaces.
2020-07-07 23:28:40.781  INFO 1651 --- [    Test worker] trationDelegate$BeanPostProcessorChecker : Bean 'org.springframework.transaction.annotation.ProxyTransactionManagementConfiguration' of type [org.springframework.transaction.annotation.ProxyTransactionManagementConfiguration$$EnhancerBySpringCGLIB$$4428730] is not eligible for getting processed by all BeanPostProcessors (for example: not eligible for auto-proxying)
2020-07-07 23:28:41.057  INFO 1651 --- [    Test worker] o.s.b.w.embedded.tomcat.TomcatWebServer  : Tomcat initialized with port(s): 0 (http)
2020-07-07 23:28:41.086  INFO 1651 --- [    Test worker] o.apache.catalina.core.StandardService   : Starting service [Tomcat]
2020-07-07 23:28:41.086  INFO 1651 --- [    Test worker] org.apache.catalina.core.StandardEngine  : Starting Servlet engine: [Apache Tomcat/9.0.22]
2020-07-07 23:28:41.214  INFO 1651 --- [    Test worker] o.a.c.c.C.[Tomcat].[localhost].[/]       : Initializing Spring embedded WebApplicationContext
2020-07-07 23:28:41.214  INFO 1651 --- [    Test worker] o.s.web.context.ContextLoader            : Root WebApplicationContext: initialization completed in 1121 ms
2020-07-07 23:28:41.478  INFO 1651 --- [    Test worker] com.zaxxer.hikari.HikariDataSource       : HikariPool-1 - Starting...
2020-07-07 23:28:41.622  INFO 1651 --- [    Test worker] com.zaxxer.hikari.HikariDataSource       : HikariPool-1 - Start completed.
2020-07-07 23:28:41.716  INFO 1651 --- [    Test worker] o.hibernate.jpa.internal.util.LogHelper  : HHH000204: Processing PersistenceUnitInfo [
	name: default
	...]
2020-07-07 23:28:41.781  INFO 1651 --- [    Test worker] org.hibernate.Version                    : HHH000412: Hibernate Core {5.3.10.Final}
2020-07-07 23:28:41.784  INFO 1651 --- [    Test worker] org.hibernate.cfg.Environment            : HHH000206: hibernate.properties not found
2020-07-07 23:28:41.836  INFO 1651 --- [    Test worker] o.hibernate.annotations.common.Version   : HCANN000001: Hibernate Commons Annotations {5.0.4.Final}
2020-07-07 23:28:41.977  INFO 1651 --- [    Test worker] org.hibernate.dialect.Dialect            : HHH000400: Using dialect: org.hibernate.dialect.MySQL5InnoDBDialect
Hibernate: drop table if exists posts
Hibernate: drop table if exists user
Hibernate: create table posts (id bigint not null auto_increment, created_date datetime, modified_date datetime, author varchar(255), content TEXT not null, title varchar(500) not null, primary key (id)) engine=InnoDB
Hibernate: create table user (id bigint not null auto_increment, created_date datetime, modified_date datetime, email varchar(255) not null, name varchar(255) not null, picture varchar(255), role varchar(255) not null, primary key (id)) engine=InnoDB
2020-07-07 23:28:42.535  INFO 1651 --- [    Test worker] o.h.t.schema.internal.SchemaCreatorImpl  : HHH000476: Executing import script 'org.hibernate.tool.schema.internal.exec.ScriptSourceInputNonExistentImpl@39e4a5f'
2020-07-07 23:28:42.537  INFO 1651 --- [    Test worker] j.LocalContainerEntityManagerFactoryBean : Initialized JPA EntityManagerFactory for persistence unit 'default'
2020-07-07 23:28:43.141  INFO 1651 --- [    Test worker] o.h.h.i.QueryTranslatorFactoryInitiator  : HHH000397: Using ASTQueryTranslatorFactory
2020-07-07 23:28:43.371  INFO 1651 --- [    Test worker] o.s.s.web.DefaultSecurityFilterChain     : Creating filter chain: any request, [org.springframework.security.web.context.request.async.WebAsyncManagerIntegrationFilter@259a347, org.springframework.security.web.context.SecurityContextPersistenceFilter@25ac99dd, org.springframework.security.web.header.HeaderWriterFilter@10caa27c, org.springframework.security.web.authentication.logout.LogoutFilter@22794621, org.springframework.security.oauth2.client.web.OAuth2AuthorizationRequestRedirectFilter@1b553385, org.springframework.security.oauth2.client.web.OAuth2LoginAuthenticationFilter@4eeb7aa6, org.springframework.security.web.authentication.ui.DefaultLoginPageGeneratingFilter@63da49f6, org.springframework.security.web.authentication.ui.DefaultLogoutPageGeneratingFilter@22f12cb6, org.springframework.security.web.savedrequest.RequestCacheAwareFilter@261f6812, org.springframework.security.web.servletapi.SecurityContextHolderAwareRequestFilter@6303f7ef, org.springframework.security.web.authentication.AnonymousAuthenticationFilter@1d8c962a, org.springframework.security.web.session.SessionManagementFilter@b816b02, org.springframework.security.web.access.ExceptionTranslationFilter@6e5dadaf, org.springframework.security.web.access.intercept.FilterSecurityInterceptor@2c984242]
2020-07-07 23:28:43.524  INFO 1651 --- [    Test worker] o.s.s.concurrent.ThreadPoolTaskExecutor  : Initializing ExecutorService 'applicationTaskExecutor'
2020-07-07 23:28:43.537  WARN 1651 --- [    Test worker] aWebConfiguration$JpaWebMvcConfiguration : spring.jpa.open-in-view is enabled by default. Therefore, database queries may be performed during view rendering. Explicitly configure spring.jpa.open-in-view to disable this warning
2020-07-07 23:28:43.564  INFO 1651 --- [    Test worker] o.s.b.a.w.s.WelcomePageHandlerMapping    : Adding welcome page template: index
2020-07-07 23:28:43.864  INFO 1651 --- [    Test worker] s.a.ScheduledAnnotationBeanPostProcessor : No TaskScheduler/ScheduledExecutorService bean found for scheduled processing
2020-07-07 23:28:43.887  INFO 1651 --- [    Test worker] o.s.b.w.embedded.tomcat.TomcatWebServer  : Tomcat started on port(s): 50151 (http) with context path ''
2020-07-07 23:28:43.889  INFO 1651 --- [    Test worker] c.c.b.s.web.IndexControllerTest          : Started IndexControllerTest in 3.831 seconds (JVM running for 12.238)
2020-07-07 23:28:43.968  INFO 1651 --- [o-auto-1-exec-1] o.a.c.c.C.[Tomcat].[localhost].[/]       : Initializing Spring DispatcherServlet 'dispatcherServlet'
2020-07-07 23:28:43.969  INFO 1651 --- [o-auto-1-exec-1] o.s.web.servlet.DispatcherServlet        : Initializing Servlet 'dispatcherServlet'
2020-07-07 23:28:43.986  INFO 1651 --- [o-auto-1-exec-1] o.s.web.servlet.DispatcherServlet        : Completed initialization in 17 ms
Hibernate: select posts0_.id as id1_0_, posts0_.created_date as created_2_0_, posts0_.modified_date as modified3_0_, posts0_.author as author4_0_, posts0_.content as content5_0_, posts0_.title as title6_0_ from posts posts0_ order by posts0_.id DESC
]]></system-out>
  <system-err><![CDATA[]]></system-err>
</testsuite>
