<?xml version="1.0" encoding="UTF-8"?>
<testsuite name="com.claude.book.springboot.web.HelloControllerTest" tests="2" skipped="0" failures="0" errors="0" timestamp="2020-07-07T14:28:39" hostname="gimtaehun-ui-MacBookPro.local" time="0.522">
  <properties/>
  <testcase name="hello가_리턴된다" classname="com.claude.book.springboot.web.HelloControllerTest" time="0.457"/>
  <testcase name="helloDto가_리턴된다" classname="com.claude.book.springboot.web.HelloControllerTest" time="0.064"/>
  <system-out><![CDATA[23:28:32.241 [Test worker] DEBUG org.springframework.test.context.junit4.SpringJUnit4ClassRunner - SpringJUnit4ClassRunner constructor called with [class com.claude.book.springboot.web.HelloControllerTest]
23:28:32.248 [Test worker] DEBUG org.springframework.test.context.BootstrapUtils - Instantiating CacheAwareContextLoaderDelegate from class [org.springframework.test.context.cache.DefaultCacheAwareContextLoaderDelegate]
23:28:32.256 [Test worker] DEBUG org.springframework.test.context.BootstrapUtils - Instantiating BootstrapContext using constructor [public org.springframework.test.context.support.DefaultBootstrapContext(java.lang.Class,org.springframework.test.context.CacheAwareContextLoaderDelegate)]
23:28:32.274 [Test worker] DEBUG org.springframework.test.context.BootstrapUtils - Instantiating TestContextBootstrapper for test class [com.claude.book.springboot.web.HelloControllerTest] from class [org.springframework.boot.test.autoconfigure.web.servlet.WebMvcTestContextBootstrapper]
23:28:32.289 [Test worker] INFO org.springframework.boot.test.autoconfigure.web.servlet.WebMvcTestContextBootstrapper - Neither @ContextConfiguration nor @ContextHierarchy found for test class [com.claude.book.springboot.web.HelloControllerTest], using SpringBootContextLoader
23:28:32.292 [Test worker] DEBUG org.springframework.test.context.support.AbstractContextLoader - Did not detect default resource location for test class [com.claude.book.springboot.web.HelloControllerTest]: class path resource [com/claude/book/springboot/web/HelloControllerTest-context.xml] does not exist
23:28:32.292 [Test worker] DEBUG org.springframework.test.context.support.AbstractContextLoader - Did not detect default resource location for test class [com.claude.book.springboot.web.HelloControllerTest]: class path resource [com/claude/book/springboot/web/HelloControllerTestContext.groovy] does not exist
23:28:32.293 [Test worker] INFO org.springframework.test.context.support.AbstractContextLoader - Could not detect default resource locations for test class [com.claude.book.springboot.web.HelloControllerTest]: no resource found for suffixes {-context.xml, Context.groovy}.
23:28:32.293 [Test worker] INFO org.springframework.test.context.support.AnnotationConfigContextLoaderUtils - Could not detect default configuration classes for test class [com.claude.book.springboot.web.HelloControllerTest]: HelloControllerTest does not declare any static, non-private, non-final, nested classes annotated with @Configuration.
23:28:32.370 [Test worker] DEBUG org.springframework.test.context.support.ActiveProfilesUtils - Could not find an 'annotation declaring class' for annotation type [org.springframework.test.context.ActiveProfiles] and class [com.claude.book.springboot.web.HelloControllerTest]
23:28:32.467 [Test worker] DEBUG org.springframework.context.annotation.ClassPathScanningCandidateComponentProvider - Identified candidate component class: file [/Users/kimtaehoon/IdeaProjects/webservice2/build/classes/java/main/com/claude/book/springboot/Application.class]
23:28:32.468 [Test worker] INFO org.springframework.boot.test.context.SpringBootTestContextBootstrapper - Found @SpringBootConfiguration com.claude.book.springboot.Application for test class com.claude.book.springboot.web.HelloControllerTest
23:28:32.470 [Test worker] DEBUG org.springframework.boot.test.autoconfigure.web.servlet.WebMvcTestContextBootstrapper - @TestExecutionListeners is not present for class [com.claude.book.springboot.web.HelloControllerTest]: using defaults.
23:28:32.471 [Test worker] INFO org.springframework.boot.test.autoconfigure.web.servlet.WebMvcTestContextBootstrapper - Loaded default TestExecutionListener class names from location [META-INF/spring.factories]: [org.springframework.security.test.context.support.WithSecurityContextTestExecutionListener, org.springframework.security.test.context.support.ReactorContextTestExecutionListener, org.springframework.boot.test.autoconfigure.restdocs.RestDocsTestExecutionListener, org.springframework.boot.test.autoconfigure.web.client.MockRestServiceServerResetTestExecutionListener, org.springframework.boot.test.autoconfigure.web.servlet.MockMvcPrintOnlyOnFailureTestExecutionListener, org.springframework.boot.test.autoconfigure.web.servlet.WebDriverTestExecutionListener, org.springframework.boot.test.mock.mockito.MockitoTestExecutionListener, org.springframework.boot.test.mock.mockito.ResetMocksTestExecutionListener, org.springframework.test.context.web.ServletTestExecutionListener, org.springframework.test.context.support.DirtiesContextBeforeModesTestExecutionListener, org.springframework.test.context.support.DependencyInjectionTestExecutionListener, org.springframework.test.context.support.DirtiesContextTestExecutionListener, org.springframework.test.context.transaction.TransactionalTestExecutionListener, org.springframework.test.context.jdbc.SqlScriptsTestExecutionListener]
23:28:32.486 [Test worker] INFO org.springframework.boot.test.autoconfigure.web.servlet.WebMvcTestContextBootstrapper - Using TestExecutionListeners: [org.springframework.test.context.web.ServletTestExecutionListener@5355d816, org.springframework.test.context.support.DirtiesContextBeforeModesTestExecutionListener@5b97c2bf, org.springframework.boot.test.mock.mockito.MockitoTestExecutionListener@62ef600, org.springframework.boot.test.autoconfigure.SpringBootDependencyInjectionTestExecutionListener@2e607ff8, org.springframework.test.context.support.DirtiesContextTestExecutionListener@5308974a, org.springframework.test.context.transaction.TransactionalTestExecutionListener@36ef25ae, org.springframework.test.context.jdbc.SqlScriptsTestExecutionListener@47804b85, org.springframework.security.test.context.support.WithSecurityContextTestExecutionListener@6ab27332, org.springframework.security.test.context.support.ReactorContextTestExecutionListener@7d170be9, org.springframework.boot.test.autoconfigure.restdocs.RestDocsTestExecutionListener@329a93b0, org.springframework.boot.test.autoconfigure.web.client.MockRestServiceServerResetTestExecutionListener@77832a05, org.springframework.boot.test.autoconfigure.web.servlet.MockMvcPrintOnlyOnFailureTestExecutionListener@e51fc24, org.springframework.boot.test.autoconfigure.web.servlet.WebDriverTestExecutionListener@4bdcf644, org.springframework.boot.test.mock.mockito.ResetMocksTestExecutionListener@2d3dfb9c]
23:28:32.488 [Test worker] DEBUG org.springframework.test.annotation.ProfileValueUtils - Retrieved @ProfileValueSourceConfiguration [null] for test class [com.claude.book.springboot.web.HelloControllerTest]
23:28:32.488 [Test worker] DEBUG org.springframework.test.annotation.ProfileValueUtils - Retrieved ProfileValueSource type [class org.springframework.test.annotation.SystemProfileValueSource] for class [com.claude.book.springboot.web.HelloControllerTest]
23:28:32.489 [Test worker] DEBUG org.springframework.test.annotation.ProfileValueUtils - Retrieved @ProfileValueSourceConfiguration [null] for test class [com.claude.book.springboot.web.HelloControllerTest]
23:28:32.489 [Test worker] DEBUG org.springframework.test.annotation.ProfileValueUtils - Retrieved ProfileValueSource type [class org.springframework.test.annotation.SystemProfileValueSource] for class [com.claude.book.springboot.web.HelloControllerTest]
23:28:32.496 [Test worker] DEBUG org.springframework.test.context.support.AbstractDirtiesContextTestExecutionListener - Before test class: context [DefaultTestContext@3115435c testClass = HelloControllerTest, testInstance = [null], testMethod = [null], testException = [null], mergedContextConfiguration = [WebMergedContextConfiguration@5be96992 testClass = HelloControllerTest, locations = '{}', classes = '{class com.claude.book.springboot.Application}', contextInitializerClasses = '[]', activeProfiles = '{}', propertySourceLocations = '{}', propertySourceProperties = '{org.springframework.boot.test.autoconfigure.web.servlet.WebMvcTestContextBootstrapper=true}', contextCustomizers = set[org.springframework.boot.test.autoconfigure.OverrideAutoConfigurationContextCustomizerFactory$DisableAutoConfigurationContextCustomizer@6e6441a6, org.springframework.boot.test.autoconfigure.filter.TypeExcludeFiltersContextCustomizer@e7703dd9, org.springframework.boot.test.autoconfigure.properties.PropertyMappingContextCustomizer@d4651c8a, org.springframework.boot.test.autoconfigure.web.servlet.WebDriverContextCustomizerFactory$Customizer@146475e9, [ImportsContextCustomizer@5c9f1883 key = [org.springframework.boot.autoconfigure.cache.CacheAutoConfiguration, org.springframework.boot.autoconfigure.context.MessageSourceAutoConfiguration, org.springframework.boot.autoconfigure.data.web.SpringDataWebAutoConfiguration, org.springframework.boot.autoconfigure.freemarker.FreeMarkerAutoConfiguration, org.springframework.boot.autoconfigure.groovy.template.GroovyTemplateAutoConfiguration, org.springframework.boot.autoconfigure.gson.GsonAutoConfiguration, org.springframework.boot.autoconfigure.hateoas.HypermediaAutoConfiguration, org.springframework.boot.autoconfigure.http.HttpMessageConvertersAutoConfiguration, org.springframework.boot.autoconfigure.jackson.JacksonAutoConfiguration, org.springframework.boot.autoconfigure.jsonb.JsonbAutoConfiguration, org.springframework.boot.autoconfigure.mustache.MustacheAutoConfiguration, org.springframework.boot.autoconfigure.task.TaskExecutionAutoConfiguration, org.springframework.boot.autoconfigure.thymeleaf.ThymeleafAutoConfiguration, org.springframework.boot.autoconfigure.validation.ValidationAutoConfiguration, org.springframework.boot.autoconfigure.web.servlet.error.ErrorMvcAutoConfiguration, org.springframework.boot.autoconfigure.web.servlet.WebMvcAutoConfiguration, org.springframework.boot.test.autoconfigure.web.servlet.MockMvcAutoConfiguration, org.springframework.boot.test.autoconfigure.web.servlet.MockMvcSecurityAutoConfiguration, org.springframework.boot.test.autoconfigure.web.servlet.MockMvcWebClientAutoConfiguration, org.springframework.boot.test.autoconfigure.web.servlet.MockMvcWebDriverAutoConfiguration]], org.springframework.boot.test.context.filter.ExcludeFilterContextCustomizer@314d1de5, org.springframework.boot.test.json.DuplicateJsonObjectContextCustomizerFactory$DuplicateJsonObjectContextCustomizer@294dffb2, org.springframework.boot.test.mock.mockito.MockitoContextCustomizer@0], resourceBasePath = 'src/main/webapp', contextLoader = 'org.springframework.boot.test.context.SpringBootContextLoader', parent = [null]], attributes = map[[empty]]], class annotated with @DirtiesContext [false] with mode [null].
23:28:32.497 [Test worker] DEBUG org.springframework.test.annotation.ProfileValueUtils - Retrieved @ProfileValueSourceConfiguration [null] for test class [com.claude.book.springboot.web.HelloControllerTest]
23:28:32.498 [Test worker] DEBUG org.springframework.test.annotation.ProfileValueUtils - Retrieved ProfileValueSource type [class org.springframework.test.annotation.SystemProfileValueSource] for class [com.claude.book.springboot.web.HelloControllerTest]
23:28:32.504 [Test worker] DEBUG org.springframework.test.context.support.DependencyInjectionTestExecutionListener - Performing dependency injection for test context [[DefaultTestContext@3115435c testClass = HelloControllerTest, testInstance = com.claude.book.springboot.web.HelloControllerTest@618aaf3, testMethod = [null], testException = [null], mergedContextConfiguration = [WebMergedContextConfiguration@5be96992 testClass = HelloControllerTest, locations = '{}', classes = '{class com.claude.book.springboot.Application}', contextInitializerClasses = '[]', activeProfiles = '{}', propertySourceLocations = '{}', propertySourceProperties = '{org.springframework.boot.test.autoconfigure.web.servlet.WebMvcTestContextBootstrapper=true}', contextCustomizers = set[org.springframework.boot.test.autoconfigure.OverrideAutoConfigurationContextCustomizerFactory$DisableAutoConfigurationContextCustomizer@6e6441a6, org.springframework.boot.test.autoconfigure.filter.TypeExcludeFiltersContextCustomizer@e7703dd9, org.springframework.boot.test.autoconfigure.properties.PropertyMappingContextCustomizer@d4651c8a, org.springframework.boot.test.autoconfigure.web.servlet.WebDriverContextCustomizerFactory$Customizer@146475e9, [ImportsContextCustomizer@5c9f1883 key = [org.springframework.boot.autoconfigure.cache.CacheAutoConfiguration, org.springframework.boot.autoconfigure.context.MessageSourceAutoConfiguration, org.springframework.boot.autoconfigure.data.web.SpringDataWebAutoConfiguration, org.springframework.boot.autoconfigure.freemarker.FreeMarkerAutoConfiguration, org.springframework.boot.autoconfigure.groovy.template.GroovyTemplateAutoConfiguration, org.springframework.boot.autoconfigure.gson.GsonAutoConfiguration, org.springframework.boot.autoconfigure.hateoas.HypermediaAutoConfiguration, org.springframework.boot.autoconfigure.http.HttpMessageConvertersAutoConfiguration, org.springframework.boot.autoconfigure.jackson.JacksonAutoConfiguration, org.springframework.boot.autoconfigure.jsonb.JsonbAutoConfiguration, org.springframework.boot.autoconfigure.mustache.MustacheAutoConfiguration, org.springframework.boot.autoconfigure.task.TaskExecutionAutoConfiguration, org.springframework.boot.autoconfigure.thymeleaf.ThymeleafAutoConfiguration, org.springframework.boot.autoconfigure.validation.ValidationAutoConfiguration, org.springframework.boot.autoconfigure.web.servlet.error.ErrorMvcAutoConfiguration, org.springframework.boot.autoconfigure.web.servlet.WebMvcAutoConfiguration, org.springframework.boot.test.autoconfigure.web.servlet.MockMvcAutoConfiguration, org.springframework.boot.test.autoconfigure.web.servlet.MockMvcSecurityAutoConfiguration, org.springframework.boot.test.autoconfigure.web.servlet.MockMvcWebClientAutoConfiguration, org.springframework.boot.test.autoconfigure.web.servlet.MockMvcWebDriverAutoConfiguration]], org.springframework.boot.test.context.filter.ExcludeFilterContextCustomizer@314d1de5, org.springframework.boot.test.json.DuplicateJsonObjectContextCustomizerFactory$DuplicateJsonObjectContextCustomizer@294dffb2, org.springframework.boot.test.mock.mockito.MockitoContextCustomizer@0], resourceBasePath = 'src/main/webapp', contextLoader = 'org.springframework.boot.test.context.SpringBootContextLoader', parent = [null]], attributes = map[[empty]]]].
23:28:32.602 [Test worker] DEBUG org.springframework.test.context.support.TestPropertySourceUtils - Adding inlined properties to environment: {spring.jmx.enabled=false, org.springframework.boot.test.autoconfigure.web.servlet.WebMvcTestContextBootstrapper=true, server.port=-1}

  .   ____          _            __ _ _
 /\\ / ___'_ __ _ _(_)_ __  __ _ \ \ \ \
( ( )\___ | '_ | '_| | '_ \/ _` | \ \ \ \
 \\/  ___)| |_)| | | | | || (_| |  ) ) ) )
  '  |____| .__|_| |_|_| |_\__, | / / / /
 =========|_|==============|___/=/_/_/_/
 :: Spring Boot ::        (v2.1.7.RELEASE)

2020-07-07 23:28:37.829  INFO 1651 --- [    Test worker] c.c.b.s.web.HelloControllerTest          : Starting HelloControllerTest on gimtaehun-ui-MacBookPro.local with PID 1651 (started by kimtaehoon in /Users/kimtaehoon/IdeaProjects/webservice2)
2020-07-07 23:28:37.831  INFO 1651 --- [    Test worker] c.c.b.s.web.HelloControllerTest          : No active profile set, falling back to default profiles: default
2020-07-07 23:28:38.905  INFO 1651 --- [    Test worker] o.s.s.concurrent.ThreadPoolTaskExecutor  : Initializing ExecutorService 'applicationTaskExecutor'
2020-07-07 23:28:38.985  INFO 1651 --- [    Test worker] o.s.b.a.w.s.WelcomePageHandlerMapping    : Adding welcome page template: index
2020-07-07 23:28:39.256  INFO 1651 --- [    Test worker] .s.s.UserDetailsServiceAutoConfiguration : 

Using generated security password: f3a610b4-8c79-4e77-871b-48aba35c10a7

2020-07-07 23:28:39.424  INFO 1651 --- [    Test worker] o.s.s.web.DefaultSecurityFilterChain     : Creating filter chain: any request, [org.springframework.security.web.context.request.async.WebAsyncManagerIntegrationFilter@29d6760e, org.springframework.security.web.context.SecurityContextPersistenceFilter@779ffa87, org.springframework.security.web.header.HeaderWriterFilter@65d8fc75, org.springframework.security.web.csrf.CsrfFilter@2ed12ce7, org.springframework.security.web.authentication.logout.LogoutFilter@2ae166e9, org.springframework.security.web.authentication.UsernamePasswordAuthenticationFilter@35a2a8fe, org.springframework.security.web.authentication.ui.DefaultLoginPageGeneratingFilter@2a0a458e, org.springframework.security.web.authentication.ui.DefaultLogoutPageGeneratingFilter@52ac953f, org.springframework.security.web.authentication.www.BasicAuthenticationFilter@17e77f28, org.springframework.security.web.savedrequest.RequestCacheAwareFilter@789d30e6, org.springframework.security.web.servletapi.SecurityContextHolderAwareRequestFilter@8fe7565, org.springframework.security.web.authentication.AnonymousAuthenticationFilter@147adc25, org.springframework.security.web.session.SessionManagementFilter@2f6d8169, org.springframework.security.web.access.ExceptionTranslationFilter@287a7ff3, org.springframework.security.web.access.intercept.FilterSecurityInterceptor@201c6dcf]
2020-07-07 23:28:39.457  INFO 1651 --- [    Test worker] o.s.b.t.m.w.SpringBootMockServletContext : Initializing Spring TestDispatcherServlet ''
2020-07-07 23:28:39.457  INFO 1651 --- [    Test worker] o.s.t.web.servlet.TestDispatcherServlet  : Initializing Servlet ''
2020-07-07 23:28:39.468  INFO 1651 --- [    Test worker] o.s.t.web.servlet.TestDispatcherServlet  : Completed initialization in 11 ms
2020-07-07 23:28:39.513  INFO 1651 --- [    Test worker] c.c.b.s.web.HelloControllerTest          : Started HelloControllerTest in 6.902 seconds (JVM running for 7.862)
]]></system-out>
  <system-err><![CDATA[]]></system-err>
</testsuite>
